TN:
SF:dist/index.js
FN:2,(anonymous_0)
FN:4,(anonymous_1)
FN:5,(anonymous_2)
FN:9,(anonymous_3)
FNF:4
FNH:2
FNDA:2,(anonymous_0)
FNDA:0,(anonymous_1)
FNDA:0,(anonymous_2)
FNDA:1,(anonymous_3)
DA:2,1
DA:3,2
DA:4,2
DA:6,0
DA:7,0
DA:9,1
DA:10,2
DA:12,1
DA:13,1
DA:14,1
DA:15,1
LF:11
LH:9
BRDA:2,0,0,1
BRDA:2,0,1,1
BRDA:2,0,2,1
BRDA:2,1,0,1
BRDA:2,1,1,0
BRDA:3,2,0,2
BRDA:3,2,1,0
BRDA:6,3,0,0
BRDA:6,3,1,0
BRDA:9,4,0,1
BRDA:9,4,1,1
BRDA:9,4,2,1
BRDA:10,5,0,2
BRDA:10,5,1,0
BRDA:10,6,0,2
BRDA:10,6,1,2
BRF:16
BRH:11
end_of_record
TN:
SF:dist/core/index.js
FN:2,(anonymous_0)
FN:4,(anonymous_1)
FN:5,(anonymous_2)
FN:9,(anonymous_3)
FN:12,(anonymous_4)
FN:18,(anonymous_5)
FN:20,(anonymous_6)
FNF:7
FNH:3
FNDA:0,(anonymous_0)
FNDA:0,(anonymous_1)
FNDA:0,(anonymous_2)
FNDA:3,(anonymous_3)
FNDA:1,(anonymous_4)
FNDA:0,(anonymous_5)
FNDA:1,(anonymous_6)
DA:2,1
DA:3,0
DA:4,0
DA:6,0
DA:7,0
DA:9,1
DA:10,3
DA:12,1
DA:13,1
DA:15,1
DA:16,1
DA:17,1
DA:18,1
DA:19,1
DA:20,1
DA:21,1
DA:22,1
DA:23,1
LF:18
LH:14
BRDA:2,0,0,1
BRDA:2,0,1,1
BRDA:2,0,2,1
BRDA:2,1,0,1
BRDA:2,1,1,0
BRDA:3,2,0,0
BRDA:3,2,1,0
BRDA:6,3,0,0
BRDA:6,3,1,0
BRDA:9,4,0,1
BRDA:9,4,1,1
BRDA:9,4,2,1
BRDA:10,5,0,0
BRDA:10,5,1,2
BRDA:10,6,0,2
BRDA:10,6,1,0
BRDA:12,7,0,1
BRDA:12,7,1,1
BRDA:12,7,2,1
BRDA:13,8,0,1
BRDA:13,8,1,0
BRDA:13,9,0,1
BRDA:13,9,1,1
BRF:23
BRH:15
end_of_record
TN:
SF:dist/core/link.js
FN:5,(anonymous_0)
FN:20,(anonymous_1)
FNF:2
FNH:0
FNDA:0,(anonymous_0)
FNDA:0,(anonymous_1)
DA:2,1
DA:3,1
DA:6,0
DA:7,0
DA:8,0
DA:10,0
DA:11,0
DA:12,0
DA:15,0
DA:16,0
DA:17,0
DA:21,0
DA:22,0
DA:23,0
DA:25,0
DA:28,1
LF:16
LH:3
BRDA:8,0,0,0
BRDA:8,0,1,0
BRDA:8,0,2,0
BRDA:21,1,0,0
BRDA:21,1,1,0
BRF:5
BRH:0
end_of_record
TN:
SF:dist/core/note.js
FN:2,(anonymous_0)
FN:9,(anonymous_1)
FN:22,(anonymous_2)
FN:34,(anonymous_3)
FN:40,(anonymous_4)
FNF:5
FNH:4
FNDA:1,(anonymous_0)
FNDA:10,(anonymous_1)
FNDA:0,(anonymous_2)
FNDA:12,(anonymous_3)
FNDA:4,(anonymous_4)
DA:2,1
DA:3,1
DA:5,1
DA:6,1
DA:7,1
DA:10,10
DA:11,10
DA:12,10
DA:16,10
DA:17,10
DA:18,10
DA:19,4
DA:23,0
DA:24,0
DA:25,0
DA:26,0
DA:28,0
DA:29,0
DA:30,0
DA:31,0
DA:32,0
DA:35,12
DA:41,4
DA:42,2
DA:43,2
DA:44,2
DA:47,2
DA:48,2
DA:54,1
LF:29
LH:20
BRDA:2,0,0,1
BRDA:2,0,1,1
BRDA:2,0,2,1
BRDA:3,1,0,0
BRDA:3,1,1,1
BRDA:3,2,0,1
BRDA:3,2,1,1
BRDA:18,3,0,4
BRDA:18,3,1,6
BRDA:23,4,0,0
BRDA:23,5,0,0
BRDA:23,5,1,0
BRDA:24,6,0,0
BRDA:24,6,1,0
BRDA:25,7,0,0
BRDA:25,7,1,0
BRDA:25,8,0,0
BRDA:25,8,1,0
BRDA:28,9,0,0
BRDA:28,9,1,0
BRDA:29,10,0,0
BRDA:29,10,1,0
BRDA:41,11,0,2
BRDA:41,11,1,2
BRDA:43,12,0,2
BRDA:43,12,1,0
BRDA:44,13,0,2
BRDA:44,13,1,0
BRDA:47,14,0,2
BRDA:47,14,1,0
BRDA:48,15,0,2
BRDA:48,15,1,0
BRF:32
BRH:14
end_of_record
TN:
SF:dist/core/notes.js
FN:2,(anonymous_0)
FN:11,formatPath
FN:19,(anonymous_2)
FN:23,(anonymous_3)
FN:37,(anonymous_4)
FN:37,(anonymous_5)
FN:41,(anonymous_6)
FN:51,(anonymous_7)
FN:51,(anonymous_8)
FN:54,(anonymous_9)
FN:57,(anonymous_10)
FN:60,(anonymous_11)
FN:70,(anonymous_12)
FN:77,(anonymous_13)
FN:80,(anonymous_14)
FN:83,(anonymous_15)
FN:84,(anonymous_16)
FN:86,(anonymous_17)
FN:87,(anonymous_18)
FNF:19
FNH:14
FNDA:5,(anonymous_0)
FNDA:5,formatPath
FNDA:6,(anonymous_2)
FNDA:5,(anonymous_3)
FNDA:1,(anonymous_4)
FNDA:2,(anonymous_5)
FNDA:10,(anonymous_6)
FNDA:5,(anonymous_7)
FNDA:10,(anonymous_8)
FNDA:5,(anonymous_9)
FNDA:0,(anonymous_10)
FNDA:2,(anonymous_11)
FNDA:2,(anonymous_12)
FNDA:0,(anonymous_13)
FNDA:0,(anonymous_14)
FNDA:5,(anonymous_15)
FNDA:8,(anonymous_16)
FNDA:0,(anonymous_17)
FNDA:0,(anonymous_18)
DA:2,1
DA:3,5
DA:5,1
DA:6,1
DA:7,1
DA:8,1
DA:9,1
DA:10,1
DA:12,5
DA:13,5
DA:14,0
DA:16,5
DA:20,6
DA:21,6
DA:24,5
DA:25,5
DA:26,5
DA:27,5
DA:28,5
DA:29,0
DA:31,5
DA:32,0
DA:34,5
DA:37,2
DA:38,5
DA:39,0
DA:41,5
DA:42,10
DA:43,10
DA:44,10
DA:48,0
DA:50,10
DA:51,10
DA:52,5
DA:55,5
DA:58,0
DA:61,2
DA:62,0
DA:64,2
DA:65,2
DA:66,2
DA:67,0
DA:69,2
DA:70,2
DA:72,2
DA:73,2
DA:74,2
DA:75,2
DA:78,0
DA:81,0
DA:84,8
DA:87,0
DA:90,1
LF:53
LH:42
BRDA:2,0,0,1
BRDA:2,0,1,1
BRDA:2,0,2,1
BRDA:3,1,0,1
BRDA:3,1,1,4
BRDA:3,2,0,5
BRDA:3,2,1,5
BRDA:13,3,0,0
BRDA:13,3,1,5
BRDA:26,4,0,5
BRDA:26,5,0,5
BRDA:26,5,1,3
BRDA:27,6,0,5
BRDA:27,6,1,0
BRDA:28,7,0,0
BRDA:28,7,1,5
BRDA:31,8,0,0
BRDA:31,8,1,5
BRDA:31,9,0,5
BRDA:31,9,1,0
BRDA:34,10,0,4
BRDA:34,10,1,1
BRDA:38,11,0,0
BRDA:38,11,1,5
BRDA:61,12,0,0
BRDA:61,12,1,2
BRDA:64,13,0,2
BRDA:64,14,0,2
BRDA:64,14,1,1
BRDA:65,15,0,2
BRDA:65,15,1,1
BRDA:66,16,0,0
BRDA:66,16,1,2
BRDA:66,17,0,2
BRDA:66,17,1,1
BRDA:69,18,0,1
BRDA:69,18,1,1
BRDA:72,19,0,2
BRDA:72,19,1,1
BRF:39
BRH:31
end_of_record
TN:
SF:dist/core/types.js
FNF:0
FNH:0
DA:2,1
LF:1
LH:1
BRF:0
BRH:0
end_of_record
TN:
SF:dist/core/utils/index.js
FN:2,(anonymous_0)
FN:8,(anonymous_1)
FNF:2
FNH:2
FNDA:20,(anonymous_0)
FNDA:20,(anonymous_1)
DA:2,1
DA:3,20
DA:5,1
DA:6,1
DA:7,1
DA:8,20
LF:6
LH:6
BRDA:2,0,0,1
BRDA:2,0,1,1
BRDA:2,0,2,1
BRDA:3,1,0,20
BRDA:3,1,1,0
BRDA:3,2,0,20
BRDA:3,2,1,20
BRF:7
BRH:6
end_of_record
TN:
SF:dist/core/utils/note/index.js
FN:2,(anonymous_0)
FN:4,(anonymous_1)
FN:5,(anonymous_2)
FN:9,(anonymous_3)
FNF:4
FNH:3
FNDA:4,(anonymous_0)
FNDA:24,(anonymous_1)
FNDA:0,(anonymous_2)
FNDA:2,(anonymous_3)
DA:2,1
DA:3,4
DA:4,24
DA:6,0
DA:7,0
DA:9,1
DA:10,4
DA:12,1
DA:13,1
DA:14,1
LF:10
LH:8
BRDA:2,0,0,1
BRDA:2,0,1,1
BRDA:2,0,2,1
BRDA:2,1,0,1
BRDA:2,1,1,0
BRDA:3,2,0,4
BRDA:3,2,1,0
BRDA:6,3,0,0
BRDA:6,3,1,0
BRDA:9,4,0,1
BRDA:9,4,1,1
BRDA:9,4,2,1
BRDA:10,5,0,4
BRDA:10,5,1,0
BRDA:10,6,0,4
BRDA:10,6,1,4
BRF:16
BRH:11
end_of_record
TN:
SF:dist/core/utils/note/parse.js
FN:2,(anonymous_0)
FN:11,parseNoteFile
FN:30,parseFrontmatter
FNF:3
FNH:3
FNDA:3,(anonymous_0)
FNDA:10,parseNoteFile
FNDA:10,parseFrontmatter
DA:2,1
DA:3,3
DA:5,1
DA:6,1
DA:7,1
DA:8,1
DA:9,1
DA:10,1
DA:12,10
DA:13,10
DA:14,10
DA:17,0
DA:19,10
DA:21,10
DA:23,10
DA:29,1
DA:31,10
DA:32,10
DA:35,0
DA:38,1
LF:20
LH:18
BRDA:2,0,0,1
BRDA:2,0,1,1
BRDA:2,0,2,1
BRDA:3,1,0,0
BRDA:3,1,1,3
BRDA:3,2,0,3
BRDA:3,2,1,3
BRDA:19,3,0,0
BRDA:19,4,0,10
BRDA:19,4,1,0
BRDA:21,5,0,0
BRDA:21,6,0,10
BRDA:21,6,1,0
BRF:13
BRH:8
end_of_record
TN:
SF:dist/core/utils/note/transform.js
FN:4,handleTransformFn
FN:8,handleTransformFnOrMap
FN:12,(anonymous_2)
FNF:3
FNH:3
FNDA:2,handleTransformFn
FNDA:2,handleTransformFnOrMap
FNDA:4,(anonymous_2)
DA:2,1
DA:3,1
DA:5,2
DA:7,1
DA:9,2
DA:10,0
DA:12,2
DA:13,4
DA:14,4
DA:17,1
LF:10
LH:9
BRDA:9,0,0,0
BRDA:9,0,1,2
BRF:2
BRH:1
end_of_record
TN:
SF:dist/core/utils/regex/index.js
FNF:0
FNH:0
DA:2,1
DA:3,1
DA:4,1
DA:7,1
DA:14,1
DA:26,1
DA:31,1
LF:7
LH:7
BRF:0
BRH:0
end_of_record
